s 1194122806.704 nunki.usc.edu 13176 HLLO 15 1 70755168 13176 nunki.usc.edu
s 1194122806.704 nunki.usc.edu 13177 HLLO 15 1 98d52d95 13177 nunki.usc.edu
r 1194122806.705 nunki.usc.edu 13177 HLLO 15 1 a6454305 13177 nunki.usc.edu
r 1194122806.705 nunki.usc.edu 13176 HLLO 15 1 21ded61a 13176 nunki.usc.edu
r 1194122808.960 nunki.usc.edu 13179 HLLO 15 1 50aaa3a5 13179 nunki.usc.edu
s 1194122808.961 nunki.usc.edu 13179 HLLO 15 1 79011215 13179 nunki.usc.edu
r 1194122811.970 nunki.usc.edu 13176 KPAV 0 1 24ce7a1e 
r 1194122812.031 nunki.usc.edu 13177 KPAV 0 1 9d5ff135 
r 1194122812.188 nunki.usc.edu 13176 STRQ 1 1 7f04794b 1
s 1194122812.188 nunki.usc.edu 13176 STRS 98 30 41d1cb37 7f04794b
s 1194122812.740 nunki.usc.edu 13177 KPAV 0 1 74ab2526 
s 1194122812.740 nunki.usc.edu 13176 KPAV 0 1 80b5017f 
s 1194122814.760 nunki.usc.edu 13179 KPAV 0 1 f740051b 
r 1194122814.981 nunki.usc.edu 13179 KPAV 0 1 07a9d56a 
r 1194122818.000 nunki.usc.edu 13176 KPAV 0 1 b12784fd 
r 1194122818.060 nunki.usc.edu 13177 KPAV 0 1 e2b64c5a 
s 1194122818.780 nunki.usc.edu 13176 KPAV 0 1 6f8afc26 
s 1194122818.780 nunki.usc.edu 13177 KPAV 0 1 e908a2ae 
s 1194122820.790 nunki.usc.edu 13179 KPAV 0 1 4f28c8f3 
r 1194122821.020 nunki.usc.edu 13179 KPAV 0 1 149ee414 
r 1194122824.050 nunki.usc.edu 13176 KPAV 0 1 7a72ed8f 
r 1194122824.100 nunki.usc.edu 13177 KPAV 0 1 1dd0a792 
s 1194122824.810 nunki.usc.edu 13176 KPAV 0 1 21b619f8 
s 1194122824.810 nunki.usc.edu 13177 KPAV 0 1 24c30024 
s 1194122826.820 nunki.usc.edu 13179 KPAV 0 1 823453c0 
r 1194122827.050 nunki.usc.edu 13179 KPAV 0 1 21dd8e1e 
r 1194122827.980 nunki.usc.edu 13177 STRQ 1 1 707221f4 1
s 1194122827.981 nunki.usc.edu 13177 STRS 98 30 41d1cb37 707221f4
r 1194122830.080 nunki.usc.edu 13176 KPAV 0 1 810a0af8 
r 1194122830.140 nunki.usc.edu 13177 KPAV 0 1 b9842eca 
s 1194122830.831 nunki.usc.edu 13176 KPAV 0 1 667383fe 
s 1194122830.831 nunki.usc.edu 13177 KPAV 0 1 3dd0bbd3 
s 1194122832.852 nunki.usc.edu 13179 KPAV 0 1 5a4cab42 
r 1194122833.111 nunki.usc.edu 13179 KPAV 0 1 837b1fe3 
r 1194122836.136 nunki.usc.edu 13176 KPAV 0 1 f073a7d9 
r 1194122836.180 nunki.usc.edu 13177 KPAV 0 1 d2a835b2 
s 1194122836.890 nunki.usc.edu 13176 KPAV 0 1 be623be5 
s 1194122836.890 nunki.usc.edu 13177 KPAV 0 1 de8dbb45 
s 1194122838.508 nunki.usc.edu 13179 STRQ 1 1 1318a032 1
s 1194122838.508 nunki.usc.edu 13177 STRQ 1 1 1318a032 1
s 1194122838.508 nunki.usc.edu 13176 STRQ 1 1 1318a032 1
r 1194122838.509 nunki.usc.edu 13177 STRS 98 30 f48c3748 1318a032
r 1194122838.509 nunki.usc.edu 13179 STRS 98 30 bcdda52f 1318a032
r 1194122838.509 nunki.usc.edu 13176 STRS 98 30 e6014899 1318a032
s 1194122838.910 nunki.usc.edu 13179 KPAV 0 1 27382513 
r 1194122839.140 nunki.usc.edu 13179 KPAV 0 1 c689809b 
r 1194122842.181 nunki.usc.edu 13176 KPAV 0 1 4bb8d14c 
r 1194122842.230 nunki.usc.edu 13177 KPAV 0 1 bf2ed64e 
s 1194122842.940 nunki.usc.edu 13176 KPAV 0 1 aa2539b0 
s 1194122842.940 nunki.usc.edu 13177 KPAV 0 1 4c529cb4 
s 1194122844.950 nunki.usc.edu 13179 KPAV 0 1 edcbbde2 
r 1194122845.180 nunki.usc.edu 13179 KPAV 0 1 6df3b40c 
r 1194122848.053 nunki.usc.edu 13179 STRQ 1 1 80e69bd5 1
s 1194122848.053 nunki.usc.edu 13179 STRS 98 30 41d1cb37 80e69bd5
r 1194122848.220 nunki.usc.edu 13176 KPAV 0 1 a3466017 
r 1194122848.270 nunki.usc.edu 13177 KPAV 0 1 5de11fac 
s 1194122848.980 nunki.usc.edu 13176 KPAV 0 1 1f88dcd4 
s 1194122848.980 nunki.usc.edu 13177 KPAV 0 1 04c0d173 
s 1194122851.000 nunki.usc.edu 13179 KPAV 0 1 dd5d2304 
r 1194122851.210 nunki.usc.edu 13179 KPAV 0 1 9c2159d5 
r 1194122854.260 nunki.usc.edu 13176 KPAV 0 1 cebcb49a 
r 1194122854.310 nunki.usc.edu 13177 KPAV 0 1 ac932563 
s 1194122855.030 nunki.usc.edu 13176 KPAV 0 1 a637f199 
s 1194122855.030 nunki.usc.edu 13177 KPAV 0 1 befc3dba 
s 1194122857.040 nunki.usc.edu 13179 KPAV 0 1 503430e9 
r 1194122857.261 nunki.usc.edu 13179 KPAV 0 1 80a979a5 
r 1194122859.880 nunki.usc.edu 13176 NTFY 1 1 f15f8128 1
r 1194122860.350 nunki.usc.edu 13177 KPAV 0 1 7f94b8aa 
s 1194122861.070 nunki.usc.edu 13176 KPAV 0 1 58a831c8 
s 1194122861.070 nunki.usc.edu 13177 KPAV 0 1 e95031ca 
r 1194122862.960 nunki.usc.edu 13177 NTFY 1 1 2bb8d09e 1
s 1194122863.090 nunki.usc.edu 13179 KPAV 0 1 f491fe55 
r 1194122863.290 nunki.usc.edu 13179 KPAV 0 1 7c4ca620 
s 1194122866.700 nunki.usc.edu 13177 NTFY 1 1 79fa175a 1
s 1194122866.700 nunki.usc.edu 13179 NTFY 1 1 79fa175a 1
