s 1194122802.965 nunki.usc.edu 13176 HLLO 15 1 99d94172 13176 nunki.usc.edu
r 1194122802.966 nunki.usc.edu 13176 HLLO 15 1 26c31188 13176 nunki.usc.edu
r 1194122806.705 nunki.usc.edu 13178 HLLO 15 1 98d52d95 13178 nunki.usc.edu
s 1194122806.705 nunki.usc.edu 13178 HLLO 15 1 a6454305 13178 nunki.usc.edu
r 1194122808.950 nunki.usc.edu 13176 KPAV 0 1 851bbc15 
r 1194122808.959 nunki.usc.edu 13179 HLLO 15 1 b4e2f46f 13179 nunki.usc.edu
s 1194122808.960 nunki.usc.edu 13179 HLLO 15 1 28f37bc2 13179 nunki.usc.edu
s 1194122809.010 nunki.usc.edu 13176 KPAV 0 1 2428a5f1 
s 1194122812.030 nunki.usc.edu 13178 KPAV 0 1 9d5ff135 
r 1194122812.188 nunki.usc.edu 13176 STRQ 1 1 7f04794b 1
s 1194122812.188 nunki.usc.edu 13176 STRS 98 30 41d1cb37 7f04794b
r 1194122812.741 nunki.usc.edu 13178 KPAV 0 1 74ab2526 
s 1194122814.040 nunki.usc.edu 13179 KPAV 0 1 baba9415 
r 1194122814.981 nunki.usc.edu 13179 KPAV 0 1 894847a9 
r 1194122814.981 nunki.usc.edu 13176 KPAV 0 1 7384eade 
s 1194122815.050 nunki.usc.edu 13176 KPAV 0 1 b1e818f1 
s 1194122818.060 nunki.usc.edu 13178 KPAV 0 1 e2b64c5a 
r 1194122818.780 nunki.usc.edu 13178 KPAV 0 1 e908a2ae 
s 1194122820.080 nunki.usc.edu 13179 KPAV 0 1 458d6481 
r 1194122821.020 nunki.usc.edu 13179 KPAV 0 1 81cf5a8a 
r 1194122821.020 nunki.usc.edu 13176 KPAV 0 1 8736953f 
s 1194122821.080 nunki.usc.edu 13176 KPAV 0 1 24ddb93e 
s 1194122824.100 nunki.usc.edu 13178 KPAV 0 1 1dd0a792 
r 1194122824.810 nunki.usc.edu 13178 KPAV 0 1 24c30024 
s 1194122826.120 nunki.usc.edu 13179 KPAV 0 1 86ac8e12 
r 1194122827.050 nunki.usc.edu 13179 KPAV 0 1 5d535b67 
r 1194122827.060 nunki.usc.edu 13176 KPAV 0 1 9a024b10 
s 1194122827.120 nunki.usc.edu 13176 KPAV 0 1 abca972e 
s 1194122827.980 nunki.usc.edu 13179 STRQ 1 1 707221f4 1
s 1194122827.980 nunki.usc.edu 13178 STRQ 1 1 707221f4 1
s 1194122827.980 nunki.usc.edu 13176 STRQ 1 1 707221f4 1
r 1194122827.981 nunki.usc.edu 13179 STRS 98 30 a1b30904 707221f4
r 1194122827.981 nunki.usc.edu 13178 STRS 98 30 2f6bbdc1 707221f4
r 1194122827.981 nunki.usc.edu 13176 STRS 98 30 347ee911 707221f4
s 1194122830.140 nunki.usc.edu 13178 KPAV 0 1 b9842eca 
r 1194122830.831 nunki.usc.edu 13178 KPAV 0 1 3dd0bbd3 
s 1194122832.150 nunki.usc.edu 13179 KPAV 0 1 5fb182de 
r 1194122833.110 nunki.usc.edu 13176 KPAV 0 1 4f40a988 
r 1194122833.110 nunki.usc.edu 13179 KPAV 0 1 8c5a15e4 
s 1194122833.160 nunki.usc.edu 13176 KPAV 0 1 e1f25c12 
s 1194122836.180 nunki.usc.edu 13178 KPAV 0 1 d2a835b2 
r 1194122836.890 nunki.usc.edu 13178 KPAV 0 1 de8dbb45 
s 1194122838.200 nunki.usc.edu 13179 KPAV 0 1 5ed75dab 
r 1194122838.509 nunki.usc.edu 13178 STRQ 1 1 1318a032 1
s 1194122838.509 nunki.usc.edu 13178 STRS 98 30 41d1cb37 1318a032
r 1194122839.140 nunki.usc.edu 13179 KPAV 0 1 b62b249e 
r 1194122839.160 nunki.usc.edu 13176 KPAV 0 1 e72c45a9 
s 1194122839.210 nunki.usc.edu 13176 KPAV 0 1 a794a4a6 
s 1194122842.230 nunki.usc.edu 13178 KPAV 0 1 bf2ed64e 
r 1194122842.940 nunki.usc.edu 13178 KPAV 0 1 4c529cb4 
s 1194122844.240 nunki.usc.edu 13179 KPAV 0 1 f32cc754 
r 1194122845.181 nunki.usc.edu 13179 KPAV 0 1 3ae0acd2 
r 1194122845.200 nunki.usc.edu 13176 KPAV 0 1 0a400513 
s 1194122845.250 nunki.usc.edu 13176 KPAV 0 1 40cd8e8c 
r 1194122848.053 nunki.usc.edu 13179 STRQ 1 1 80e69bd5 1
s 1194122848.053 nunki.usc.edu 13179 STRS 98 30 41d1cb37 80e69bd5
s 1194122848.270 nunki.usc.edu 13178 KPAV 0 1 5de11fac 
r 1194122848.980 nunki.usc.edu 13178 KPAV 0 1 04c0d173 
s 1194122850.280 nunki.usc.edu 13179 KPAV 0 1 9d006dc0 
r 1194122851.210 nunki.usc.edu 13179 KPAV 0 1 258b8719 
r 1194122851.250 nunki.usc.edu 13176 KPAV 0 1 c7a9c9bc 
s 1194122851.290 nunki.usc.edu 13176 KPAV 0 1 2a090f95 
s 1194122854.310 nunki.usc.edu 13178 KPAV 0 1 ac932563 
r 1194122855.031 nunki.usc.edu 13178 KPAV 0 1 befc3dba 
s 1194122856.331 nunki.usc.edu 13179 KPAV 0 1 2c567953 
r 1194122857.260 nunki.usc.edu 13179 KPAV 0 1 b93d6024 
r 1194122857.280 nunki.usc.edu 13176 KPAV 0 1 a56074be 
s 1194122857.330 nunki.usc.edu 13176 KPAV 0 1 098cc1e4 
r 1194122859.880 nunki.usc.edu 13176 NTFY 1 1 f15f8128 1
s 1194122860.350 nunki.usc.edu 13178 KPAV 0 1 7f94b8aa 
r 1194122861.071 nunki.usc.edu 13178 KPAV 0 1 e95031ca 
s 1194122862.360 nunki.usc.edu 13179 KPAV 0 1 08312d81 
s 1194122862.960 nunki.usc.edu 13178 NTFY 1 1 2bb8d09e 1
s 1194122862.960 nunki.usc.edu 13179 NTFY 1 1 2bb8d09e 1
